<?xml version="1.0" encoding="UTF-8"?>
<testng-results ignored="0" total="3" passed="3" failed="0" skipped="0">
  <reporter-output>
    <line>
      <![CDATA[Method name is  testLogIn]]>
    </line>
    <line>
      <![CDATA[Method name is  testLogOut]]>
    </line>
    <line>
      <![CDATA[Method name is  login_test]]>
    </line>
  </reporter-output>
  <suite started-at="2026-05-06T22:37:04 PDT" name="Suite" finished-at="2026-05-06T22:37:11 PDT" duration-ms="7451">
    <groups>
    </groups>
    <test started-at="2026-05-06T22:37:04 PDT" name="Test" finished-at="2026-05-06T22:37:11 PDT" duration-ms="7451">
      <class name="com.java.AppTest">
        <test-method is-config="true" signature="beforeTest()[pri:0, instance:com.java.AppTest@1ffe63b9]" started-at="2026-05-06T22:37:04 PDT" name="beforeTest" finished-at="2026-05-06T22:37:04 PDT" duration-ms="3" status="PASS">
          <reporter-output>
          </reporter-output>
        </test-method> <!-- beforeTest -->
        <test-method signature="testLogIn()[pri:1, instance:com.java.AppTest@1ffe63b9]" started-at="2026-05-06T22:37:04 PDT" name="testLogIn" description="test log in " finished-at="2026-05-06T22:37:04 PDT" duration-ms="2" status="PASS">
          <reporter-output>
            <line>
              <![CDATA[Method name is  testLogIn]]>
            </line>
          </reporter-output>
        </test-method> <!-- testLogIn -->
        <test-method is-config="true" signature="BeforeMethod()[pri:0, instance:com.java.AppTest@1ffe63b9]" started-at="2026-05-06T22:37:04 PDT" name="BeforeMethod" finished-at="2026-05-06T22:37:04 PDT" duration-ms="0" status="PASS">
          <reporter-output>
          </reporter-output>
        </test-method> <!-- BeforeMethod -->
        <test-method is-config="true" signature="AfterMethod()[pri:0, instance:com.java.AppTest@1ffe63b9]" started-at="2026-05-06T22:37:04 PDT" name="AfterMethod" finished-at="2026-05-06T22:37:04 PDT" duration-ms="1" status="PASS">
          <reporter-output>
          </reporter-output>
        </test-method> <!-- AfterMethod -->
        <test-method signature="testLogOut()[pri:2, instance:com.java.AppTest@1ffe63b9]" started-at="2026-05-06T22:37:04 PDT" name="testLogOut" description="test logout " finished-at="2026-05-06T22:37:04 PDT" duration-ms="1" status="PASS">
          <reporter-output>
            <line>
              <![CDATA[Method name is  testLogOut]]>
            </line>
          </reporter-output>
        </test-method> <!-- testLogOut -->
        <test-method is-config="true" signature="BeforeMethod()[pri:0, instance:com.java.AppTest@1ffe63b9]" started-at="2026-05-06T22:37:04 PDT" name="BeforeMethod" finished-at="2026-05-06T22:37:04 PDT" duration-ms="0" status="PASS">
          <reporter-output>
          </reporter-output>
        </test-method> <!-- BeforeMethod -->
        <test-method is-config="true" signature="AfterMethod()[pri:0, instance:com.java.AppTest@1ffe63b9]" started-at="2026-05-06T22:37:04 PDT" name="AfterMethod" finished-at="2026-05-06T22:37:04 PDT" duration-ms="0" status="PASS">
          <reporter-output>
          </reporter-output>
        </test-method> <!-- AfterMethod -->
        <test-method is-config="true" signature="afterTest()[pri:0, instance:com.java.AppTest@1ffe63b9]" started-at="2026-05-06T22:37:11 PDT" name="afterTest" finished-at="2026-05-06T22:37:11 PDT" duration-ms="0" status="PASS">
          <reporter-output>
          </reporter-output>
        </test-method> <!-- afterTest -->
      </class> <!-- com.java.AppTest -->
      <class name="com.java.TC_login">
        <test-method signature="login_test()[pri:0, instance:com.java.TC_login@7f010382]" started-at="2026-05-06T22:37:04 PDT" name="login_test" finished-at="2026-05-06T22:37:11 PDT" duration-ms="7435" status="PASS">
          <reporter-output>
            <line>
              <![CDATA[Method name is  login_test]]>
            </line>
          </reporter-output>
        </test-method> <!-- login_test -->
      </class> <!-- com.java.TC_login -->
    </test> <!-- Test -->
  </suite> <!-- Suite -->
</testng-results>
