<?xml version="1.0" encoding="UTF-8"?>
<!-- Generated by org.testng.reporters.JUnitXMLReporter -->
<testsuite ignored="2" hostname="Mac-mini.local" failures="0" tests="1" name="GRP-group1" time="0.016" errors="0" timestamp="2026-03-13T20:23:54 PDT">
  <testcase classname="com.java.GroupsDemoTest" name="test1" time="0.004"/>
  <testcase classname="com.java.GroupsDemoTest" name="test3" time="0.0">
    <ignored/>
  </testcase> <!-- test3 -->
  <testcase classname="com.java.GroupsDemoTest" name="test2" time="0.0">
    <ignored/>
  </testcase> <!-- test2 -->
</testsuite> <!-- GRP-group1 -->
