<?xml version="1.0" encoding="UTF-8"?>
<!-- Generated by org.testng.reporters.JUnitXMLReporter -->
<testsuite ignored="1" hostname="Mac-mini.local" failures="0" tests="2" name="GRP-group2" time="0.015" errors="0" timestamp="2026-03-13T20:24:24 PDT">
  <testcase classname="com.java.GroupsDemoTest" name="test2" time="0.003"/>
  <testcase classname="com.java.GroupsDemoTest" name="test3" time="0.001"/>
  <testcase classname="com.java.GroupsDemoTest" name="test1" time="0.0">
    <ignored/>
  </testcase> <!-- test1 -->
</testsuite> <!-- GRP-group2 -->
