<?xml version="1.0" encoding="UTF-8"?>
<!-- Generated by org.testng.reporters.JUnitXMLReporter -->
<testsuite ignored="0" hostname="Mac-mini.local" failures="0" tests="6" name="Test" time="0.005" errors="0" timestamp="2026-03-16T18:08:49 PDT">
  <testcase classname="com.java.DataProviderDemoTest" name="testUserHobby" time="0.001"/>
  <testcase classname="com.java.DataProviderDemoTest" name="testUserHobby" time="0.001"/>
  <testcase classname="com.java.DataProviderDemoTest" name="testUserHobby" time="0.0"/>
  <testcase classname="com.java.DataProviderDemoTest" name="testUserInfor" time="0.001"/>
  <testcase classname="com.java.DataProviderDemoTest" name="testUserInfor" time="0.0"/>
  <testcase classname="com.java.DataProviderDemoTest" name="testUserInfor" time="0.001"/>
</testsuite> <!-- Test -->
