<?xml version="1.0" encoding="UTF-8"?>
<!-- Generated by org.testng.reporters.JUnitReportReporter -->
<testsuite hostname="Mac-mini.local" failures="0" tests="6" name="com.java.DataProviderDemoTest" time="0.006" errors="0" timestamp="2026-03-16T18:15:33 PDT" skipped="0">
  <testcase classname="com.java.DataProviderDemoTest" name="testUserInfor" time="0.001"/>
  <testcase classname="com.java.DataProviderDemoTest" name="testUserInfor" time="0.000"/>
  <testcase classname="com.java.DataProviderDemoTest" name="testUserInfor" time="0.001"/>
  <testcase classname="com.java.DataProviderDemoTest" name="testUserHobby" time="0.004"/>
  <testcase classname="com.java.DataProviderDemoTest" name="testUserHobby" time="0.000"/>
  <testcase classname="com.java.DataProviderDemoTest" name="testUserHobby" time="0.000"/>
</testsuite> <!-- com.java.DataProviderDemoTest -->
