<?xml version="1.0" encoding="UTF-8"?>
<!-- Generated by org.testng.reporters.JUnitReportReporter -->
<testsuite hostname="Mac-mini.local" failures="0" tests="3" name="com.java.GroupsDemoTest" time="0.003" errors="0" timestamp="2026-03-16T17:51:11 PDT" skipped="0">
  <testcase classname="com.java.GroupsDemoTest" name="test3" time="0.000"/>
  <testcase classname="com.java.GroupsDemoTest" name="test2" time="0.000"/>
  <testcase classname="com.java.GroupsDemoTest" name="test1" time="0.003"/>
</testsuite> <!-- com.java.GroupsDemoTest -->
