<?xml version="1.0" encoding="UTF-8"?>
<!-- Generated by org.testng.reporters.JUnitReportReporter -->
<testsuite hostname="Mac-mini.local" failures="0" tests="1" name="com.java.TC_login" time="7.328" errors="0" timestamp="2026-05-06T22:21:42 PDT" skipped="0">
  <testcase classname="com.java.TC_login" name="login_test" time="7.328">
    <system-out>
      <![CDATA[Method name is  login_test]]>
    </system-out>
  </testcase> <!-- login_test -->
  <system-out>
    <![CDATA[Method name is  testLogIn
Method name is  testLogOut
Method name is  login_test]]>
  </system-out>
</testsuite> <!-- com.java.TC_login -->
