<?xml version="1.0" encoding="UTF-8"?>
<!-- Generated by org.testng.reporters.JUnitReportReporter -->
<testsuite hostname="Mac-mini.local" failures="0" tests="2" name="com.java.AppTest" time="0.004" errors="0" timestamp="2026-05-06T22:37:11 PDT" skipped="0">
  <testcase classname="com.java.AppTest" name="testLogIn" time="0.003">
    <system-out>
      <![CDATA[Method name is  testLogIn]]>
    </system-out>
  </testcase> <!-- testLogIn -->
  <testcase classname="com.java.AppTest" name="testLogOut" time="0.001">
    <system-out>
      <![CDATA[Method name is  testLogOut]]>
    </system-out>
  </testcase> <!-- testLogOut -->
  <system-out>
    <![CDATA[Method name is  testLogIn
Method name is  testLogOut
Method name is  login_test]]>
  </system-out>
</testsuite> <!-- com.java.AppTest -->
